<?xml version="1.0" encoding="UTF-8"?>
<!-- Generated by org.testng.reporters.JUnitXMLReporter -->
<testsuite ignored="0" hostname="SHAMUN28" failures="0" tests="3" name="test-1" time="34.973" errors="0" timestamp="2025-08-21T15:25:21 IST">
  <testcase classname="com.webOrders.test.WebOrders_Login" name="loginTest" time="9.438"/>
  <testcase classname="com.webOrders.test.WebOrders_Login" name="urlTest" time="8.855"/>
  <testcase classname="com.webOrders.test.WebOrders_Login" name="verifyText" time="8.618"/>
</testsuite> <!-- test-1 -->
