<?xml version="1.0" encoding="UTF-8"?>
<!-- Generated by org.testng.reporters.JUnitXMLReporter -->
<testsuite ignored="0" hostname="SHAMUN28" failures="0" tests="17" name="test-1" time="33.063" errors="0" timestamp="2025-08-21T14:45:57 IST">
  <testcase classname="com.webOrders.test.WebOrder_ViewAllOrders_Test" name="verifyCheckAll" time="3.041"/>
  <testcase classname="com.webOrders.test.WebOrder_ViewAllOrders_Test" name="verifyUnCheckAll" time="0.56"/>
  <testcase classname="com.webOrders.test.WebOrder_ViewAllOrders_Test" name="verifyDeleteOrder" time="0.945"/>
  <testcase classname="com.webOrders.test.WebOrder_ViewAllOrders_Test" name="verifyEditOrder" time="3.21"/>
  <testcase classname="com.webOrders.test.WebOrder_ViewAllOrders_Test" name="verifyEditOrder" time="3.378"/>
  <testcase classname="com.webOrders.test.WebOrder_ViewAllOrders_Test" name="verifyError" time="1.239"/>
  <testcase classname="com.webOrders.test.WebOrder_ViewAllOrders_Test" name="verifyError" time="1.182"/>
  <testcase classname="com.webOrders.test.WebOrder_ViewAllOrders_Test" name="verifyError" time="1.187"/>
  <testcase classname="com.webOrders.test.WebOrder_ViewAllOrders_Test" name="verifyError" time="1.535"/>
  <testcase classname="com.webOrders.test.WebOrder_ViewAllOrders_Test" name="verifyError" time="1.173"/>
  <testcase classname="com.webOrders.test.WebOrder_ViewAllOrders_Test" name="verifyError" time="1.211"/>
  <testcase classname="com.webOrders.test.WebOrder_ViewAllOrders_Test" name="verifyError" time="1.226"/>
  <testcase classname="com.webOrders.test.WebOrder_ViewAllOrders_Test" name="verifyError" time="1.311"/>
  <testcase classname="com.webOrders.test.WebOrder_ViewAllOrders_Test" name="verifyError" time="1.294"/>
  <testcase classname="com.webOrders.test.WebOrder_ViewAllOrders_Test" name="verifyError" time="1.136"/>
  <testcase classname="com.webOrders.test.WebOrder_ViewAllOrders_Test" name="verifyError" time="0.934"/>
  <testcase classname="com.webOrders.test.WebOrder_ViewAllOrders_Test" name="verifyError" time="0.951"/>
</testsuite> <!-- test-1 -->
