<?xml version="1.0" encoding="UTF-8"?>
<!-- Generated by org.testng.reporters.JUnitReportReporter -->
<testsuite hostname="SHAMUN28" failures="0" tests="3" name="com.webOrders.test.WebOrder_Order_Test" time="15.599" errors="0" timestamp="2025-08-21T15:12:38 IST" skipped="1">
  <testcase classname="com.webOrders.test.WebOrder_Order_Test" name="verifyCheckAll" time="7.994"/>
  <testcase classname="com.webOrders.test.WebOrder_Order_Test" name="verifyCheckAll" time="7.605"/>
  <testcase classname="com.webOrders.test.WebOrder_Order_Test" name="createAndVerifyOrder">
    <skipped/>
  </testcase> <!-- createAndVerifyOrder -->
</testsuite> <!-- com.webOrders.test.WebOrder_Order_Test -->
