<?xml version="1.0" encoding="UTF-8"?>
<!-- Generated by org.testng.reporters.JUnitReportReporter -->
<testsuite hostname="SHAMUN28" failures="0" tests="3" name="com.webOrders.test.WebOrders_Login" time="24.688" errors="0" timestamp="2025-08-21T15:12:38 IST" skipped="0">
  <testcase classname="com.webOrders.test.WebOrders_Login" name="loginTest" time="9.033"/>
  <testcase classname="com.webOrders.test.WebOrders_Login" name="urlTest" time="8.285"/>
  <testcase classname="com.webOrders.test.WebOrders_Login" name="verifyText" time="7.370"/>
</testsuite> <!-- com.webOrders.test.WebOrders_Login -->
